<?xml version="1.0" encoding="UTF-8"?>
<!-- Generated by org.testng.reporters.JUnitReportReporter -->
<testsuite hostname="LAPTOP-UMNAPHJP" failures="0" tests="2" name="com.capstone.bank.tests.LoginTests" time="21.207" errors="0" timestamp="2025-09-07T12:31:56 IST" skipped="0">
  <testcase classname="com.capstone.bank.tests.LoginTests" name="validLogin" time="7.738"/>
  <testcase classname="com.capstone.bank.tests.LoginTests" name="invalidLogin" time="13.469"/>
</testsuite> <!-- com.capstone.bank.tests.LoginTests -->
