<?xml version="1.0" encoding="UTF-8"?>
<!-- Generated by org.testng.reporters.JUnitReportReporter -->
<testsuite hostname="LAPTOP-UMNAPHJP" failures="0" tests="4" name="com.capstone.bank.tests.EmiTests" time="24.030" errors="0" timestamp="2025-09-07T12:31:56 IST" skipped="0">
  <testcase classname="com.capstone.bank.tests.EmiTests" name="validateEmi" time="5.924"/>
  <testcase classname="com.capstone.bank.tests.EmiTests" name="validateEmi" time="8.201"/>
  <testcase classname="com.capstone.bank.tests.EmiTests" name="validateEmi" time="5.357"/>
  <testcase classname="com.capstone.bank.tests.EmiTests" name="validateEmi" time="4.548"/>
</testsuite> <!-- com.capstone.bank.tests.EmiTests -->
