<?xml version="1.0" encoding="UTF-8"?>
<!-- Generated by org.testng.reporters.JUnitReportReporter -->
<testsuite hostname="LAPTOP-UMNAPHJP" failures="0" tests="1" name="com.capstone.bank.tests.FundTransferTests" time="14.600" errors="0" timestamp="2025-09-07T21:34:13 IST" skipped="0">
  <testcase classname="com.capstone.bank.tests.FundTransferTests" name="transferFunds_shouldShowResultPage" time="14.600"/>
</testsuite> <!-- com.capstone.bank.tests.FundTransferTests -->
