<?xml version="1.0" encoding="UTF-8"?>
<!-- Generated by org.testng.reporters.JUnitReportReporter -->
<testsuite hostname="LAPTOP-UMNAPHJP" failures="0" tests="2" name="com.capstone.bank.tests.LoanTests" time="40.259" errors="0" timestamp="2025-09-07T21:34:13 IST" skipped="0">
  <testcase classname="com.capstone.bank.tests.LoanTests" name="personalLoan_request_shouldReturnResult" time="14.805"/>
  <testcase classname="com.capstone.bank.tests.LoanTests" name="homeLoan_request_shouldReturnResult" time="25.454"/>
</testsuite> <!-- com.capstone.bank.tests.LoanTests -->
