<?xml version="1.0" encoding="UTF-8"?>
<!-- Generated by org.testng.reporters.JUnitReportReporter -->
<testsuite hostname="LAPTOP-UMNAPHJP" failures="0" tests="4" name="com.capstone.bank.tests.EmiTests" time="39.871" errors="0" timestamp="2025-09-07T21:34:13 IST" skipped="0">
  <testcase classname="com.capstone.bank.tests.EmiTests" name="validateEmi" time="16.430"/>
  <testcase classname="com.capstone.bank.tests.EmiTests" name="validateEmi" time="9.616"/>
  <testcase classname="com.capstone.bank.tests.EmiTests" name="validateEmi" time="7.673"/>
  <testcase classname="com.capstone.bank.tests.EmiTests" name="validateEmi" time="6.152"/>
</testsuite> <!-- com.capstone.bank.tests.EmiTests -->
